{
  "stats": {
    "suites": 1,
    "tests": 1,
    "passes": 1,
    "pending": 0,
    "failures": 0,
    "start": "2024-07-05T18:33:10.206Z",
    "end": "2024-07-05T18:33:10.769Z",
    "duration": 563,
    "testsRegistered": 1,
    "passPercent": 100,
    "pendingPercent": 0,
    "other": 0,
    "hasOther": false,
    "skipped": 0,
    "hasSkipped": false
  },
  "results": [
    {
      "uuid": "e1984a52-3dd5-4fd6-8ed5-4a85d1f45973",
      "title": "",
      "fullFile": "cypress\\e2e\\APITESTFixture.cy.js",
      "file": "cypress\\e2e\\APITESTFixture.cy.js",
      "beforeHooks": [],
      "afterHooks": [],
      "tests": [],
      "suites": [
        {
          "uuid": "39bd1d6f-39b1-44cd-8c09-906235083043",
          "title": "API TEST WITH FIXTURE",
          "fullFile": "",
          "file": "",
          "beforeHooks": [],
          "afterHooks": [],
          "tests": [
            {
              "title": "POSTAGAIN",
              "fullTitle": "API TEST WITH FIXTURE POSTAGAIN",
              "timedOut": null,
              "duration": 526,
              "state": "passed",
              "speed": "fast",
              "pass": true,
              "fail": false,
              "pending": false,
              "context": null,
              "code": "cy.request({\n  method: 'POST',\n  url: gurl + '/users',\n  headers: {\n    'Authorization': 'Bearer ' + accessToken\n  },\n  body: {\n    id: id1,\n    name: userName,\n    email: emailId,\n    gender: \"female\",\n    status: \"active\"\n  }\n}).then(res => {\n  cy.log(JSON.stringify(res));\n  expect(res.status).to.eq(201);\n  expect(res.body.email).to.eq(emailId);\n  expect(res.body.name).to.eq(userName);\n});",
              "err": {},
              "uuid": "cba8dfbe-483e-4e0d-9771-fae78f485d2f",
              "parentUUID": "39bd1d6f-39b1-44cd-8c09-906235083043",
              "isHook": false,
              "skipped": false
            }
          ],
          "suites": [],
          "passes": [
            "cba8dfbe-483e-4e0d-9771-fae78f485d2f"
          ],
          "failures": [],
          "pending": [],
          "skipped": [],
          "duration": 526,
          "root": false,
          "rootEmpty": false,
          "_timeout": 2000
        }
      ],
      "passes": [],
      "failures": [],
      "pending": [],
      "skipped": [],
      "duration": 0,
      "root": true,
      "rootEmpty": true,
      "_timeout": 2000
    }
  ],
  "meta": {
    "mocha": {
      "version": "7.0.1"
    },
    "mochawesome": {
      "options": {
        "quiet": false,
        "reportFilename": "mochawesome",
        "saveHtml": false,
        "saveJson": true,
        "consoleReporter": "spec",
        "useInlineDiffs": false,
        "code": true
      },
      "version": "7.1.3"
    },
    "marge": {
      "options": {
        "overwrite": false,
        "html": false,
        "json": true,
        "reportDir": "cypress\\reports\\html\\.jsons"
      },
      "version": "6.2.0"
    }
  }
}