{
  "stats": {
    "suites": 1,
    "tests": 3,
    "passes": 3,
    "pending": 0,
    "failures": 0,
    "start": "2024-07-05T18:33:05.112Z",
    "end": "2024-07-05T18:33:07.649Z",
    "duration": 2537,
    "testsRegistered": 3,
    "passPercent": 100,
    "pendingPercent": 0,
    "other": 0,
    "hasOther": false,
    "skipped": 0,
    "hasSkipped": false
  },
  "results": [
    {
      "uuid": "286c1a82-bd9f-4938-99d3-bc736fc8841e",
      "title": "",
      "fullFile": "cypress\\e2e\\APITEST.cy.js",
      "file": "cypress\\e2e\\APITEST.cy.js",
      "beforeHooks": [],
      "afterHooks": [],
      "tests": [],
      "suites": [
        {
          "uuid": "18e7f97e-c428-475c-8129-498b10141203",
          "title": "GetCall function",
          "fullFile": "",
          "file": "",
          "beforeHooks": [],
          "afterHooks": [],
          "tests": [
            {
              "title": "GET scenario",
              "fullTitle": "GetCall function GET scenario",
              "timedOut": null,
              "duration": 1406,
              "state": "passed",
              "speed": "fast",
              "pass": true,
              "fail": false,
              "pending": false,
              "context": null,
              "code": "cy.request({\n  url: gurl + '/users/',\n  method: 'GET',\n  headers: {\n    'Authorization': 'Bearer ' + accessToken\n  }\n}).then(response => {\n  cy.log(JSON.stringify(response));\n  expect(response.status).to.eq(200);\n  //expect(response.body.id).to.eq(6975881);\n});",
              "err": {},
              "uuid": "809d8433-3ece-4428-be43-282366a699f2",
              "parentUUID": "18e7f97e-c428-475c-8129-498b10141203",
              "isHook": false,
              "skipped": false
            },
            {
              "title": "POST",
              "fullTitle": "GetCall function POST",
              "timedOut": null,
              "duration": 531,
              "state": "passed",
              "speed": "fast",
              "pass": true,
              "fail": false,
              "pending": false,
              "context": null,
              "code": "cy.request({\n  url: gurl + '/users',\n  method: 'POST',\n  headers: {\n    'Authorization': 'Bearer ' + accessToken\n  },\n  body: {\n    \"id\": id1,\n    \"name\": userName,\n    \"email\": emailId,\n    \"gender\": \"male\",\n    \"status\": \"active\"\n  }\n}).then(response => {\n  cy.log(JSON.stringify(response));\n  expect(response.status).to.eq(201);\n  expect(response.body.email).to.eq(emailId);\n  expect(response.body.status).to.eq(\"active\");\n});",
              "err": {},
              "uuid": "1ff4220a-f5c3-46f5-ba5c-e29b675a7bae",
              "parentUUID": "18e7f97e-c428-475c-8129-498b10141203",
              "isHook": false,
              "skipped": false
            },
            {
              "title": "GET nested",
              "fullTitle": "GetCall function GET nested",
              "timedOut": null,
              "duration": 477,
              "state": "passed",
              "speed": "fast",
              "pass": true,
              "fail": false,
              "pending": false,
              "context": null,
              "code": "cy.request({\n  method: 'GET',\n  url: gurl + '/users/6940121/posts',\n  headers: {\n    'Authorization': 'Bearer ' + accessToken\n  }\n}).then(response => {\n  cy.writeFile('cypress/fixtures/response.txt', JSON.stringify(response));\n  expect(response.status).to.eq(200);\n});",
              "err": {},
              "uuid": "c7759f5d-d357-48d4-abd4-3b9839b7cccc",
              "parentUUID": "18e7f97e-c428-475c-8129-498b10141203",
              "isHook": false,
              "skipped": false
            }
          ],
          "suites": [],
          "passes": [
            "809d8433-3ece-4428-be43-282366a699f2",
            "1ff4220a-f5c3-46f5-ba5c-e29b675a7bae",
            "c7759f5d-d357-48d4-abd4-3b9839b7cccc"
          ],
          "failures": [],
          "pending": [],
          "skipped": [],
          "duration": 2414,
          "root": false,
          "rootEmpty": false,
          "_timeout": 2000
        }
      ],
      "passes": [],
      "failures": [],
      "pending": [],
      "skipped": [],
      "duration": 0,
      "root": true,
      "rootEmpty": true,
      "_timeout": 2000
    }
  ],
  "meta": {
    "mocha": {
      "version": "7.0.1"
    },
    "mochawesome": {
      "options": {
        "quiet": false,
        "reportFilename": "mochawesome",
        "saveHtml": false,
        "saveJson": true,
        "consoleReporter": "spec",
        "useInlineDiffs": false,
        "code": true
      },
      "version": "7.1.3"
    },
    "marge": {
      "options": {
        "overwrite": false,
        "html": false,
        "json": true,
        "reportDir": "cypress\\reports\\html\\.jsons"
      },
      "version": "6.2.0"
    }
  }
}